<?xml version="1.0" encoding="UTF-8"?>
<!-- Generated by org.testng.reporters.JUnitXMLReporter -->
<testsuite hostname="Deepak-Sharma1" ignored="0" name="Default test" tests="3" failures="0" timestamp="07 May 2019 13:45:27 GMT" time="330.416" errors="0">
  <testcase name="create_setup_program" time="150.045" classname="com.pfl.automation.org62.testcases.TS04_lightning"/>
  <testcase name="verifying_send_swag_with_campaign_association" time="93.316" classname="com.pfl.automation.org62.testcases.TS04_lightning"/>
  <testcase name="delete_order_send_swag" time="71.536" classname="com.pfl.automation.org62.testcases.TS04_lightning"/>
</testsuite> <!-- Default test -->
