<?xml version="1.0" encoding="UTF-8"?>
<!-- Generated by org.testng.reporters.JUnitXMLReporter -->
<testsuite hostname="Deepak-Sharma1" ignored="0" name="TestCase4" tests="3" failures="0" timestamp="08 May 2019 11:55:14 GMT" time="231.177" errors="0">
  <testcase name="create_setup_program" time="121.312" classname="com.pfl.automation.org62.testcases.TS04_lightning"/>
  <testcase name="verifying_send_swag_with_campaign_association" time="58.08" classname="com.pfl.automation.org62.testcases.TS04_lightning"/>
  <testcase name="delete_order_send_swag" time="39.005" classname="com.pfl.automation.org62.testcases.TS04_lightning"/>
</testsuite> <!-- TestCase4 -->
