<?xml version="1.0" encoding="UTF-8"?>
<!-- Generated by org.testng.reporters.JUnitXMLReporter -->
<testsuite hostname="Deepak-Sharma1" ignored="0" name="TestCase5" tests="3" failures="0" timestamp="08 May 2019 11:51:23 GMT" time="319.885" errors="0">
  <testcase name="TS05_DataSet_Creation" time="162.712" classname="com.pfl.automation.org62.testcases.TS05_lightning"/>
  <testcase name="TS05_verifying_send_swag_with_multiple_products" time="94.553" classname="com.pfl.automation.org62.testcases.TS05_lightning"/>
  <testcase name="TS05_DataSet_Reset" time="46.953" classname="com.pfl.automation.org62.testcases.TS05_lightning"/>
</testsuite> <!-- TestCase5 -->
