<?xml version="1.0" encoding="UTF-8"?>
<!-- Generated by org.testng.reporters.JUnitXMLReporter -->
<testsuite hostname="Deepak-Sharma1" ignored="0" name="TestCase3" tests="4" failures="0" timestamp="08 May 2019 11:59:55 GMT" time="281.235" errors="0">
  <testcase name="TS03_DataSet_Creation" time="110.572" classname="com.pfl.automation.org62.testcases.TS03_lightning"/>
  <testcase name="TS03_01_verifying_contact_address_send_swag" time="64.682" classname="com.pfl.automation.org62.testcases.TS03_lightning"/>
  <testcase name="TS03_02_verifying_account_address_end_swag" time="48.387" classname="com.pfl.automation.org62.testcases.TS03_lightning"/>
  <testcase name="TS03_DataReset" time="46.285" classname="com.pfl.automation.org62.testcases.TS03_lightning"/>
</testsuite> <!-- TestCase3 -->
